[DEBUG] Migration already effectively installed (skipped): \phpbb\db\migration\data\v32x\user_notifications_table_index_p1
[DEBUG] Migration already effectively installed (skipped): \phpbb\db\migration\data\v32x\fix_user_styles
[DEBUG] Migration already effectively installed (skipped): \phpbb\db\migration\data\v32x\email_force_sender
[DEBUG] Migration already effectively installed (skipped): \phpbb\db\migration\data\v32x\user_notifications_table_index_p2
[DEBUG] Migration already effectively installed (skipped): \phpbb\db\migration\data\v32x\user_notifications_table_index_p3
[DEBUG] Migration already effectively installed (skipped): \phpbb\db\migration\data\v32x\user_notifications_table_unique_index
[DEBUG] Migration already effectively installed (skipped): \phpbb\db\migration\data\v32x\f_list_topics_permission_add
[DEBUG] Apply dependencies of \phpbb\db\migration\data\v32x\v323rc1.
[DEBUG] Apply dependencies of \phpbb\db\migration\data\v32x\enable_accurate_pm_button.
[DEBUG] Installing Schema: \phpbb\db\migration\data\v32x\enable_accurate_pm_button.
[INFO] Installed Schema: \phpbb\db\migration\data\v32x\enable_accurate_pm_button; Time: 0.00 seconds
[DEBUG] Migration already effectively installed (skipped): \phpbb\db\migration\data\v32x\user_notifications_table_index_p1
[DEBUG] Migration already effectively installed (skipped): \phpbb\db\migration\data\v32x\fix_user_styles
[DEBUG] Migration already effectively installed (skipped): \phpbb\db\migration\data\v32x\email_force_sender
[DEBUG] Migration already effectively installed (skipped): \phpbb\db\migration\data\v32x\user_notifications_table_index_p2
[DEBUG] Migration already effectively installed (skipped): \phpbb\db\migration\data\v32x\user_notifications_table_index_p3
[DEBUG] Migration already effectively installed (skipped): \phpbb\db\migration\data\v32x\user_notifications_table_unique_index
[DEBUG] Migration already effectively installed (skipped): \phpbb\db\migration\data\v32x\f_list_topics_permission_add
[DEBUG] Apply dependencies of \phpbb\db\migration\data\v32x\v323rc1.
[DEBUG] Apply dependencies of \phpbb\db\migration\data\v32x\enable_accurate_pm_button.
[DEBUG] Installing Data: \phpbb\db\migration\data\v32x\enable_accurate_pm_button.
[INFO] Installed Data: \phpbb\db\migration\data\v32x\enable_accurate_pm_button; Time: 0.01 seconds
[DEBUG] Migration already effectively installed (skipped): \phpbb\db\migration\data\v32x\user_notifications_table_index_p1
[DEBUG] Migration already effectively installed (skipped): \phpbb\db\migration\data\v32x\fix_user_styles
[DEBUG] Migration already effectively installed (skipped): \phpbb\db\migration\data\v32x\email_force_sender
[DEBUG] Migration already effectively installed (skipped): \phpbb\db\migration\data\v32x\user_notifications_table_index_p2
[DEBUG] Migration already effectively installed (skipped): \phpbb\db\migration\data\v32x\user_notifications_table_index_p3
[DEBUG] Migration already effectively installed (skipped): \phpbb\db\migration\data\v32x\user_notifications_table_unique_index
[DEBUG] Migration already effectively installed (skipped): \phpbb\db\migration\data\v32x\f_list_topics_permission_add
[DEBUG] Apply dependencies of \phpbb\db\migration\data\v32x\v323rc1.
[DEBUG] Installing Schema: \phpbb\db\migration\data\v32x\v323rc1.
[INFO] Installed Schema: \phpbb\db\migration\data\v32x\v323rc1; Time: 0.00 seconds
[DEBUG] Migration already effectively installed (skipped): \phpbb\db\migration\data\v32x\user_notifications_table_index_p1
[DEBUG] Migration already effectively installed (skipped): \phpbb\db\migration\data\v32x\fix_user_styles
[DEBUG] Migration already effectively installed (skipped): \phpbb\db\migration\data\v32x\email_force_sender
[DEBUG] Migration already effectively installed (skipped): \phpbb\db\migration\data\v32x\user_notifications_table_index_p2
[DEBUG] Migration already effectively installed (skipped): \phpbb\db\migration\data\v32x\user_notifications_table_index_p3
[DEBUG] Migration already effectively installed (skipped): \phpbb\db\migration\data\v32x\user_notifications_table_unique_index
[DEBUG] Migration already effectively installed (skipped): \phpbb\db\migration\data\v32x\f_list_topics_permission_add
[DEBUG] Apply dependencies of \phpbb\db\migration\data\v32x\v323rc1.
[DEBUG] Installing Data: \phpbb\db\migration\data\v32x\v323rc1.
[INFO] Installed Data: \phpbb\db\migration\data\v32x\v323rc1; Time: 0.01 seconds
[DEBUG] Migration already effectively installed (skipped): \phpbb\db\migration\data\v32x\user_notifications_table_index_p1
[DEBUG] Migration already effectively installed (skipped): \phpbb\db\migration\data\v32x\fix_user_styles
[DEBUG] Migration already effectively installed (skipped): \phpbb\db\migration\data\v32x\email_force_sender
[DEBUG] Migration already effectively installed (skipped): \phpbb\db\migration\data\v32x\user_notifications_table_index_p2
[DEBUG] Migration already effectively installed (skipped): \phpbb\db\migration\data\v32x\user_notifications_table_index_p3
[DEBUG] Migration already effectively installed (skipped): \phpbb\db\migration\data\v32x\user_notifications_table_unique_index
[DEBUG] Migration already effectively installed (skipped): \phpbb\db\migration\data\v32x\f_list_topics_permission_add
[DEBUG] Migration already effectively installed (skipped): \phpbb\db\migration\data\v32x\v323rc1
[DEBUG] Apply dependencies of \phpbb\db\migration\data\v32x\v323rc2.
[DEBUG] Installing Schema: \phpbb\db\migration\data\v32x\v323rc2.
[INFO] Installed Schema: \phpbb\db\migration\data\v32x\v323rc2; Time: 0.00 seconds
[DEBUG] Migration already effectively installed (skipped): \phpbb\db\migration\data\v32x\user_notifications_table_index_p1
[DEBUG] Migration already effectively installed (skipped): \phpbb\db\migration\data\v32x\fix_user_styles
[DEBUG] Migration already effectively installed (skipped): \phpbb\db\migration\data\v32x\email_force_sender
[DEBUG] Migration already effectively installed (skipped): \phpbb\db\migration\data\v32x\user_notifications_table_index_p2
[DEBUG] Migration already effectively installed (skipped): \phpbb\db\migration\data\v32x\user_notifications_table_index_p3
[DEBUG] Migration already effectively installed (skipped): \phpbb\db\migration\data\v32x\user_notifications_table_unique_index
[DEBUG] Migration already effectively installed (skipped): \phpbb\db\migration\data\v32x\f_list_topics_permission_add
[DEBUG] Migration already effectively installed (skipped): \phpbb\db\migration\data\v32x\v323rc1
[DEBUG] Apply dependencies of \phpbb\db\migration\data\v32x\v323rc2.
[DEBUG] Installing Data: \phpbb\db\migration\data\v32x\v323rc2.
[INFO] Installed Data: \phpbb\db\migration\data\v32x\v323rc2; Time: 0.01 seconds
[DEBUG] Migration already effectively installed (skipped): \phpbb\db\migration\data\v32x\user_notifications_table_index_p1
[DEBUG] Migration already effectively installed (skipped): \phpbb\db\migration\data\v32x\fix_user_styles
[DEBUG] Migration already effectively installed (skipped): \phpbb\db\migration\data\v32x\email_force_sender
[DEBUG] Migration already effectively installed (skipped): \phpbb\db\migration\data\v32x\user_notifications_table_index_p2
[DEBUG] Migration already effectively installed (skipped): \phpbb\db\migration\data\v32x\user_notifications_table_index_p3
[DEBUG] Migration already effectively installed (skipped): \phpbb\db\migration\data\v32x\user_notifications_table_unique_index
[DEBUG] Migration already effectively installed (skipped): \phpbb\db\migration\data\v32x\f_list_topics_permission_add
[DEBUG] Migration already effectively installed (skipped): \phpbb\db\migration\data\v32x\v323rc1
[DEBUG] Migration already effectively installed (skipped): \phpbb\db\migration\data\v32x\v323rc2
[DEBUG] Migration already effectively installed (skipped): \phpbb\db\migration\data\v32x\v321rc1
[DEBUG] Migration already effectively installed (skipped): \phpbb\db\migration\data\v32x\user_notifications_table_temp_index
[DEBUG] Migration already effectively installed (skipped): \phpbb\db\migration\data\v32x\merge_duplicate_bbcodes
[DEBUG] Migration already effectively installed (skipped): \phpbb\db\migration\data\v32x\update_prosilver_bitfield
[DEBUG] Migration already effectively installed (skipped): \phpbb\db\migration\data\v32x\cookie_notice_p2
[DEBUG] Migration already effectively installed (skipped): \phpbb\db\migration\data\v32x\enable_accurate_pm_button
[DEBUG] Migration already effectively installed (skipped): \phpbb\db\migration\data\v32x\load_user_activity_limit
[DEBUG] Migration already effectively installed (skipped): \phpbb\db\migration\data\v32x\user_notifications_table_remove_duplicates
[DEBUG] Migration already effectively installed (skipped): \phpbb\db\migration\data\v32x\v322rc1
[DEBUG] Migration already effectively installed (skipped): \phpbb\db\migration\data\v32x\user_notifications_table_reduce_column_sizes
[DEBUG] Apply dependencies of \phpbb\db\migration\data\v32x\v323.
[DEBUG] Installing Schema: \phpbb\db\migration\data\v32x\v323.
[INFO] Installed Schema: \phpbb\db\migration\data\v32x\v323; Time: 0.00 seconds
[DEBUG] Migration already effectively installed (skipped): \phpbb\db\migration\data\v32x\user_notifications_table_index_p1
[DEBUG] Migration already effectively installed (skipped): \phpbb\db\migration\data\v32x\fix_user_styles
[DEBUG] Migration already effectively installed (skipped): \phpbb\db\migration\data\v32x\email_force_sender
[DEBUG] Migration already effectively installed (skipped): \phpbb\db\migration\data\v32x\user_notifications_table_index_p2
[DEBUG] Migration already effectively installed (skipped): \phpbb\db\migration\data\v32x\user_notifications_table_index_p3
[DEBUG] Migration already effectively installed (skipped): \phpbb\db\migration\data\v32x\user_notifications_table_unique_index
[DEBUG] Migration already effectively installed (skipped): \phpbb\db\migration\data\v32x\f_list_topics_permission_add
[DEBUG] Migration already effectively installed (skipped): \phpbb\db\migration\data\v32x\v323rc1
[DEBUG] Migration already effectively installed (skipped): \phpbb\db\migration\data\v32x\v323rc2
[DEBUG] Migration already effectively installed (skipped): \phpbb\db\migration\data\v32x\v321rc1
[DEBUG] Migration already effectively installed (skipped): \phpbb\db\migration\data\v32x\user_notifications_table_temp_index
[DEBUG] Migration already effectively installed (skipped): \phpbb\db\migration\data\v32x\merge_duplicate_bbcodes
[DEBUG] Migration already effectively installed (skipped): \phpbb\db\migration\data\v32x\update_prosilver_bitfield
[DEBUG] Migration already effectively installed (skipped): \phpbb\db\migration\data\v32x\cookie_notice_p2
[DEBUG] Migration already effectively installed (skipped): \phpbb\db\migration\data\v32x\enable_accurate_pm_button
[DEBUG] Migration already effectively installed (skipped): \phpbb\db\migration\data\v32x\load_user_activity_limit
[DEBUG] Migration already effectively installed (skipped): \phpbb\db\migration\data\v32x\user_notifications_table_remove_duplicates
[DEBUG] Migration already effectively installed (skipped): \phpbb\db\migration\data\v32x\v322rc1
[DEBUG] Migration already effectively installed (skipped): \phpbb\db\migration\data\v32x\user_notifications_table_reduce_column_sizes
[DEBUG] Apply dependencies of \phpbb\db\migration\data\v32x\v323.
[DEBUG] Installing Data: \phpbb\db\migration\data\v32x\v323.
[INFO] Installed Data: \phpbb\db\migration\data\v32x\v323; Time: 0.01 seconds
